  Source.cpp
c:\users\temp.nstu.005\documents\gr_rgz_var2\gr_rgz_var2\source.cpp(45): warning C4244: аргумент: преобразование "double" в "GLfloat", возможна потеря данных
c:\users\temp.nstu.005\documents\gr_rgz_var2\gr_rgz_var2\source.cpp(46): warning C4018: <: несоответствие типов со знаком и без знака
c:\users\temp.nstu.005\documents\gr_rgz_var2\gr_rgz_var2\source.cpp(54): warning C4305: аргумент: усечение из "double" в "GLfloat"
c:\users\temp.nstu.005\documents\gr_rgz_var2\gr_rgz_var2\source.cpp(62): warning C4305: аргумент: усечение из "double" в "GLfloat"
c:\users\temp.nstu.005\documents\gr_rgz_var2\gr_rgz_var2\source.cpp(64): warning C4244: аргумент: преобразование "double" в "GLfloat", возможна потеря данных
c:\users\temp.nstu.005\documents\gr_rgz_var2\gr_rgz_var2\source.cpp(65): warning C4244: аргумент: преобразование "double" в "GLfloat", возможна потеря данных
c:\users\temp.nstu.005\documents\gr_rgz_var2\gr_rgz_var2\source.cpp(75): warning C4244: +=: преобразование "double" в "int", возможна потеря данных
c:\users\temp.nstu.005\documents\gr_rgz_var2\gr_rgz_var2\source.cpp(77): warning C4244: аргумент: преобразование "int" в "GLfloat", возможна потеря данных
c:\users\temp.nstu.005\documents\gr_rgz_var2\gr_rgz_var2\source.cpp(78): warning C4244: аргумент: преобразование "int" в "GLfloat", возможна потеря данных
c:\users\temp.nstu.005\documents\gr_rgz_var2\gr_rgz_var2\source.cpp(79): warning C4244: аргумент: преобразование "int" в "GLfloat", возможна потеря данных
c:\users\temp.nstu.005\documents\gr_rgz_var2\gr_rgz_var2\source.cpp(80): warning C4244: аргумент: преобразование "int" в "GLfloat", возможна потеря данных
c:\users\temp.nstu.005\documents\gr_rgz_var2\gr_rgz_var2\source.cpp(84): warning C4244: -=: преобразование "double" в "int", возможна потеря данных
c:\users\temp.nstu.005\documents\gr_rgz_var2\gr_rgz_var2\source.cpp(86): warning C4244: аргумент: преобразование "int" в "GLfloat", возможна потеря данных
c:\users\temp.nstu.005\documents\gr_rgz_var2\gr_rgz_var2\source.cpp(87): warning C4244: аргумент: преобразование "int" в "GLfloat", возможна потеря данных
c:\users\temp.nstu.005\documents\gr_rgz_var2\gr_rgz_var2\source.cpp(88): warning C4244: аргумент: преобразование "int" в "GLfloat", возможна потеря данных
c:\users\temp.nstu.005\documents\gr_rgz_var2\gr_rgz_var2\source.cpp(89): warning C4244: аргумент: преобразование "int" в "GLfloat", возможна потеря данных
c:\users\temp.nstu.005\documents\gr_rgz_var2\gr_rgz_var2\source.cpp(111): warning C4244: аргумент: преобразование "double" в "GLfloat", возможна потеря данных
c:\users\temp.nstu.005\documents\gr_rgz_var2\gr_rgz_var2\source.cpp(112): warning C4244: аргумент: преобразование "double" в "GLfloat", возможна потеря данных
c:\users\temp.nstu.005\documents\gr_rgz_var2\gr_rgz_var2\source.cpp(119): warning C4244: аргумент: преобразование "double" в "GLfloat", возможна потеря данных
c:\users\temp.nstu.005\documents\gr_rgz_var2\gr_rgz_var2\source.cpp(120): warning C4244: аргумент: преобразование "double" в "GLfloat", возможна потеря данных
c:\users\temp.nstu.005\documents\gr_rgz_var2\gr_rgz_var2\source.cpp(129): warning C4244: аргумент: преобразование "double" в "GLfloat", возможна потеря данных
c:\users\temp.nstu.005\documents\gr_rgz_var2\gr_rgz_var2\source.cpp(130): warning C4244: аргумент: преобразование "double" в "GLfloat", возможна потеря данных
c:\users\temp.nstu.005\documents\gr_rgz_var2\gr_rgz_var2\source.cpp(137): warning C4244: аргумент: преобразование "double" в "GLfloat", возможна потеря данных
c:\users\temp.nstu.005\documents\gr_rgz_var2\gr_rgz_var2\source.cpp(138): warning C4244: аргумент: преобразование "double" в "GLfloat", возможна потеря данных
c:\users\temp.nstu.005\documents\gr_rgz_var2\gr_rgz_var2\source.cpp(105): warning C4101: number: неиспользованная локальная переменная
c:\users\temp.nstu.005\documents\gr_rgz_var2\gr_rgz_var2\source.cpp(220): warning C4018: <: несоответствие типов со знаком и без знака
c:\users\temp.nstu.005\documents\gr_rgz_var2\gr_rgz_var2\source.cpp(274): warning C4018: <: несоответствие типов со знаком и без знака
c:\users\temp.nstu.005\documents\gr_rgz_var2\gr_rgz_var2\source.cpp(362): warning C4244: аргумент: преобразование "double" в "GLfloat", возможна потеря данных
c:\users\temp.nstu.005\documents\gr_rgz_var2\gr_rgz_var2\source.cpp(369): warning C4018: <: несоответствие типов со знаком и без знака
c:\users\temp.nstu.005\documents\gr_rgz_var2\gr_rgz_var2\source.cpp(371): warning C4244: аргумент: преобразование "double" в "int", возможна потеря данных
c:\users\temp.nstu.005\documents\gr_rgz_var2\gr_rgz_var2\source.cpp(380): warning C4018: <: несоответствие типов со знаком и без знака
c:\users\temp.nstu.005\documents\gr_rgz_var2\gr_rgz_var2\source.cpp(396): warning C4326: возвращаемый тип "main" должен быть "int", а не "void"
  GR_RGZ_var2.vcxproj -> C:\Users\TEMP.NSTU.005\Documents\GR_RGZ_var2\Debug\GR_RGZ_var2.exe
