  Source.cpp
d:\nstu\компьютерная графика\ргз\gr_rgz_var2\gr_rgz_var2\source.cpp(35): warning C4244: аргумент: преобразование "double" в "GLfloat", возможна потеря данных
d:\nstu\компьютерная графика\ргз\gr_rgz_var2\gr_rgz_var2\source.cpp(36): warning C4018: <: несоответствие типов со знаком и без знака
d:\nstu\компьютерная графика\ргз\gr_rgz_var2\gr_rgz_var2\source.cpp(44): warning C4305: аргумент: усечение из "double" в "GLfloat"
d:\nstu\компьютерная графика\ргз\gr_rgz_var2\gr_rgz_var2\source.cpp(52): warning C4305: аргумент: усечение из "double" в "GLfloat"
d:\nstu\компьютерная графика\ргз\gr_rgz_var2\gr_rgz_var2\source.cpp(54): warning C4244: аргумент: преобразование "double" в "GLfloat", возможна потеря данных
d:\nstu\компьютерная графика\ргз\gr_rgz_var2\gr_rgz_var2\source.cpp(55): warning C4244: аргумент: преобразование "double" в "GLfloat", возможна потеря данных
d:\nstu\компьютерная графика\ргз\gr_rgz_var2\gr_rgz_var2\source.cpp(65): warning C4244: +=: преобразование "double" в "int", возможна потеря данных
d:\nstu\компьютерная графика\ргз\gr_rgz_var2\gr_rgz_var2\source.cpp(67): warning C4244: аргумент: преобразование "int" в "GLfloat", возможна потеря данных
d:\nstu\компьютерная графика\ргз\gr_rgz_var2\gr_rgz_var2\source.cpp(68): warning C4244: аргумент: преобразование "int" в "GLfloat", возможна потеря данных
d:\nstu\компьютерная графика\ргз\gr_rgz_var2\gr_rgz_var2\source.cpp(69): warning C4244: аргумент: преобразование "int" в "GLfloat", возможна потеря данных
d:\nstu\компьютерная графика\ргз\gr_rgz_var2\gr_rgz_var2\source.cpp(70): warning C4244: аргумент: преобразование "int" в "GLfloat", возможна потеря данных
d:\nstu\компьютерная графика\ргз\gr_rgz_var2\gr_rgz_var2\source.cpp(74): warning C4244: -=: преобразование "double" в "int", возможна потеря данных
d:\nstu\компьютерная графика\ргз\gr_rgz_var2\gr_rgz_var2\source.cpp(76): warning C4244: аргумент: преобразование "int" в "GLfloat", возможна потеря данных
d:\nstu\компьютерная графика\ргз\gr_rgz_var2\gr_rgz_var2\source.cpp(77): warning C4244: аргумент: преобразование "int" в "GLfloat", возможна потеря данных
d:\nstu\компьютерная графика\ргз\gr_rgz_var2\gr_rgz_var2\source.cpp(78): warning C4244: аргумент: преобразование "int" в "GLfloat", возможна потеря данных
d:\nstu\компьютерная графика\ргз\gr_rgz_var2\gr_rgz_var2\source.cpp(79): warning C4244: аргумент: преобразование "int" в "GLfloat", возможна потеря данных
d:\nstu\компьютерная графика\ргз\gr_rgz_var2\gr_rgz_var2\source.cpp(101): warning C4244: аргумент: преобразование "double" в "GLfloat", возможна потеря данных
d:\nstu\компьютерная графика\ргз\gr_rgz_var2\gr_rgz_var2\source.cpp(102): warning C4244: аргумент: преобразование "double" в "GLfloat", возможна потеря данных
d:\nstu\компьютерная графика\ргз\gr_rgz_var2\gr_rgz_var2\source.cpp(109): warning C4244: аргумент: преобразование "double" в "GLfloat", возможна потеря данных
d:\nstu\компьютерная графика\ргз\gr_rgz_var2\gr_rgz_var2\source.cpp(110): warning C4244: аргумент: преобразование "double" в "GLfloat", возможна потеря данных
d:\nstu\компьютерная графика\ргз\gr_rgz_var2\gr_rgz_var2\source.cpp(119): warning C4244: аргумент: преобразование "double" в "GLfloat", возможна потеря данных
d:\nstu\компьютерная графика\ргз\gr_rgz_var2\gr_rgz_var2\source.cpp(120): warning C4244: аргумент: преобразование "double" в "GLfloat", возможна потеря данных
d:\nstu\компьютерная графика\ргз\gr_rgz_var2\gr_rgz_var2\source.cpp(127): warning C4244: аргумент: преобразование "double" в "GLfloat", возможна потеря данных
d:\nstu\компьютерная графика\ргз\gr_rgz_var2\gr_rgz_var2\source.cpp(128): warning C4244: аргумент: преобразование "double" в "GLfloat", возможна потеря данных
d:\nstu\компьютерная графика\ргз\gr_rgz_var2\gr_rgz_var2\source.cpp(95): warning C4101: number: неиспользованная локальная переменная
d:\nstu\компьютерная графика\ргз\gr_rgz_var2\gr_rgz_var2\source.cpp(162): warning C4018: <: несоответствие типов со знаком и без знака
d:\nstu\компьютерная графика\ргз\gr_rgz_var2\gr_rgz_var2\source.cpp(218): warning C4018: <: несоответствие типов со знаком и без знака
d:\nstu\компьютерная графика\ргз\gr_rgz_var2\gr_rgz_var2\source.cpp(238): warning C4244: аргумент: преобразование "double" в "int", возможна потеря данных
d:\nstu\компьютерная графика\ргз\gr_rgz_var2\gr_rgz_var2\source.cpp(305): warning C4244: аргумент: преобразование "double" в "GLfloat", возможна потеря данных
d:\nstu\компьютерная графика\ргз\gr_rgz_var2\gr_rgz_var2\source.cpp(312): warning C4018: <: несоответствие типов со знаком и без знака
d:\nstu\компьютерная графика\ргз\gr_rgz_var2\gr_rgz_var2\source.cpp(314): warning C4244: аргумент: преобразование "double" в "int", возможна потеря данных
d:\nstu\компьютерная графика\ргз\gr_rgz_var2\gr_rgz_var2\source.cpp(323): warning C4018: <: несоответствие типов со знаком и без знака
d:\nstu\компьютерная графика\ргз\gr_rgz_var2\gr_rgz_var2\source.cpp(339): warning C4326: возвращаемый тип "main" должен быть "int", а не "void"
  Создание кода
  170 of 171 functions (99.4%) were compiled, the rest were copied from previous compilation.
    6 functions were new in current compilation
    0 functions had inline decision re-evaluated but remain unchanged
  Создание кода завершено
  GR_RGZ_var2.vcxproj -> D:\NSTU\Компьютерная графика\РГЗ\GR_RGZ_var2\Release\GR_RGZ_var2.exe
